<?xml version="1.0" encoding="UTF-8"?>
<testng-results skipped="0" failed="0" total="1" passed="1">
  <reporter-output>
  </reporter-output>
  <suite name="Default suite" duration-ms="16" started-at="2013-06-25T14:13:00Z" finished-at="2013-06-25T14:13:00Z">
    <groups>
    </groups>
    <test name="Default test" duration-ms="16" started-at="2013-06-25T14:13:00Z" finished-at="2013-06-25T14:13:00Z">
      <class name="com.sirma.itt.javacourse.gui.ClientTest">
        <test-method status="PASS" signature="fillTestDate()[pri:0, instance:com.sirma.itt.javacourse.gui.ClientTest@2cef66]" name="fillTestDate" is-config="true" duration-ms="6094" started-at="2013-06-25T17:12:54Z" finished-at="2013-06-25T17:13:00Z">
          <reporter-output>
          </reporter-output>
        </test-method> <!-- fillTestDate -->
        <test-method status="PASS" signature="sendReceiveTest()[pri:0, instance:com.sirma.itt.javacourse.gui.ClientTest@2cef66]" name="sendReceiveTest" duration-ms="16" started-at="2013-06-25T17:13:00Z" finished-at="2013-06-25T17:13:00Z">
          <reporter-output>
          </reporter-output>
        </test-method> <!-- sendReceiveTest -->
      </class> <!-- com.sirma.itt.javacourse.gui.ClientTest -->
    </test> <!-- Default test -->
  </suite> <!-- Default suite -->
</testng-results>
