<?xml version="1.0" encoding="UTF-8"?>
<testng-results skipped="0" failed="0" total="2" passed="2">
  <reporter-output>
  </reporter-output>
  <suite name="Default suite" duration-ms="47" started-at="2013-06-10T13:39:54Z" finished-at="2013-06-10T13:39:54Z">
    <groups>
    </groups>
    <test name="Default test" duration-ms="47" started-at="2013-06-10T13:39:54Z" finished-at="2013-06-10T13:39:54Z">
      <class name="com.sirma.itt.javacourse.threads.TimeoutHashtableTest">
        <test-method status="PASS" signature="get(java.lang.String)[pri:0, instance:com.sirma.itt.javacourse.threads.TimeoutHashtableTest@1469bea]" name="get" duration-ms="16" started-at="2013-06-10T16:39:54Z" data-provider="validGetData" finished-at="2013-06-10T16:39:54Z">
          <params>
            <param index="0">
              <value>
                <![CDATA[test2]]>
              </value>
            </param>
          </params>
          <reporter-output>
          </reporter-output>
        </test-method> <!-- get -->
        <test-method status="PASS" signature="put(java.util.Hashtable)[pri:0, instance:com.sirma.itt.javacourse.threads.TimeoutHashtableTest@1469bea]" name="put" duration-ms="0" started-at="2013-06-10T16:39:54Z" data-provider="validPutData" finished-at="2013-06-10T16:39:54Z">
          <params>
            <param index="0">
              <value>
                <![CDATA[{4=test4}]]>
              </value>
            </param>
          </params>
          <reporter-output>
          </reporter-output>
        </test-method> <!-- put -->
      </class> <!-- com.sirma.itt.javacourse.threads.TimeoutHashtableTest -->
    </test> <!-- Default test -->
  </suite> <!-- Default suite -->
</testng-results>
