<?xml version="1.0" encoding="UTF-8"?>
<testng-results skipped="0" failed="0" total="1" passed="1">
  <reporter-output>
  </reporter-output>
  <suite name="Default suite" duration-ms="5032" started-at="2013-06-10T12:41:04Z" finished-at="2013-06-10T12:41:09Z">
    <groups>
    </groups>
    <test name="Default test" duration-ms="5032" started-at="2013-06-10T12:41:04Z" finished-at="2013-06-10T12:41:09Z">
      <class name="com.sirma.itt.javacourse.threads.CounterTest">
        <test-method status="PASS" signature="getNumber(int)[pri:0, instance:com.sirma.itt.javacourse.threads.CounterTest@7db430]" name="getNumber" duration-ms="5016" started-at="2013-06-10T15:41:04Z" data-provider="validData" finished-at="2013-06-10T15:41:09Z">
          <params>
            <param index="0">
              <value>
                <![CDATA[5]]>
              </value>
            </param>
          </params>
          <reporter-output>
          </reporter-output>
        </test-method> <!-- getNumber -->
      </class> <!-- com.sirma.itt.javacourse.threads.CounterTest -->
    </test> <!-- Default test -->
  </suite> <!-- Default suite -->
</testng-results>
