<?xml version="1.0" encoding="UTF-8"?>
<testng-results skipped="0" failed="0" total="1" passed="1">
  <reporter-output>
  </reporter-output>
  <suite name="Default suite" duration-ms="47" started-at="2013-05-10T11:21:40Z" finished-at="2013-05-10T11:21:40Z">
    <groups>
    </groups>
    <test name="Default test" duration-ms="47" started-at="2013-05-10T11:21:40Z" finished-at="2013-05-10T11:21:40Z">
      <class name="com.sirma.itt.javacourse.collections.PageBeanTest">
        <test-method status="PASS" signature="fillTestDate()[pri:0, instance:com.sirma.itt.javacourse.collections.PageBeanTest@d13e3e]" name="fillTestDate" is-config="true" duration-ms="16" started-at="2013-05-10T14:21:40Z" finished-at="2013-05-10T14:21:40Z">
          <reporter-output>
          </reporter-output>
        </test-method> <!-- fillTestDate -->
        <test-method status="PASS" signature="testGetMessages(int)[pri:0, instance:com.sirma.itt.javacourse.collections.PageBeanTest@d13e3e]" name="testGetMessages" duration-ms="15" started-at="2013-05-10T14:21:40Z" data-provider="validMessagesData" finished-at="2013-05-10T14:21:40Z">
          <params>
            <param index="0">
              <value>
                <![CDATA[5]]>
              </value>
            </param>
          </params>
          <reporter-output>
          </reporter-output>
        </test-method> <!-- testGetMessages -->
      </class> <!-- com.sirma.itt.javacourse.collections.PageBeanTest -->
    </test> <!-- Default test -->
  </suite> <!-- Default suite -->
</testng-results>
