<?xml version="1.0" encoding="UTF-8"?>
<!-- Generated by org.testng.reporters.JUnitXMLReporter -->
<testsuite hostname="sdjulgerova" name="Default test" tests="2" failures="0" timestamp="29 Apr 2013 09:16:23 GMT" time="0.063" errors="0">
  <testcase name="makeInstance" time="0.016" classname="com.sirma.itt.javacourse.reflection.ClassCreatorTest"/>
  <testcase name="makeInstance" time="0.0" classname="com.sirma.itt.javacourse.reflection.ClassCreatorTest"/>
</testsuite> <!-- Default test -->
