<?xml version="1.0" encoding="UTF-8"?>
<!-- Generated by org.testng.reporters.JUnitXMLReporter -->
<testsuite hostname="sdjulgerova" name="Default test" tests="5" failures="0" timestamp="10 May 2013 12:18:26 GMT" time="0.063" errors="0">
  <testcase name="testFirstPage" time="0.015" classname="com.sirma.itt.javacourse.collections.PageBeanTest"/>
  <testcase name="testGetMessages" time="0.0" classname="com.sirma.itt.javacourse.collections.PageBeanTest"/>
  <testcase name="testLastPage" time="0.0" classname="com.sirma.itt.javacourse.collections.PageBeanTest"/>
  <testcase name="testNext" time="0.0" classname="com.sirma.itt.javacourse.collections.PageBeanTest"/>
  <testcase name="testPrevious" time="0.0" classname="com.sirma.itt.javacourse.collections.PageBeanTest"/>
</testsuite> <!-- Default test -->
