<?xml version="1.0" encoding="UTF-8"?>
<testng-results skipped="0" failed="0" total="2" passed="2">
  <reporter-output>
  </reporter-output>
  <suite name="Default suite" duration-ms="63" started-at="2013-04-29T09:16:23Z" finished-at="2013-04-29T09:16:23Z">
    <groups>
    </groups>
    <test name="Default test" duration-ms="63" started-at="2013-04-29T09:16:23Z" finished-at="2013-04-29T09:16:23Z">
      <class name="com.sirma.itt.javacourse.reflection.ClassCreatorTest">
        <test-method status="PASS" signature="makeInstance(java.lang.String, [Ljava.lang.Class;, [Ljava.lang.Object;, com.sirma.itt.javacourse.reflection.Client)[pri:0, instance:com.sirma.itt.javacourse.reflection.ClassCreatorTest@5138a4]" name="makeInstance" duration-ms="16" started-at="2013-04-29T12:16:23Z" data-provider="validData" finished-at="2013-04-29T12:16:23Z">
          <params>
            <param index="0">
              <value>
                <![CDATA[com.sirma.itt.javacourse.reflection.Client]]>
              </value>
            </param>
            <param index="1">
              <value is-null="true"/>
            </param>
            <param index="2">
              <value is-null="true"/>
            </param>
            <param index="3">
              <value>
                <![CDATA[com.sirma.itt.javacourse.reflection.Client@115fbb0]]>
              </value>
            </param>
          </params>
          <reporter-output>
          </reporter-output>
        </test-method> <!-- makeInstance -->
        <test-method status="PASS" signature="makeInstance(java.lang.String, [Ljava.lang.Class;, [Ljava.lang.Object;, com.sirma.itt.javacourse.reflection.Client)[pri:0, instance:com.sirma.itt.javacourse.reflection.ClassCreatorTest@5138a4]" name="makeInstance" duration-ms="0" started-at="2013-04-29T12:16:23Z" data-provider="validData" finished-at="2013-04-29T12:16:23Z">
          <params>
            <param index="0">
              <value>
                <![CDATA[com.sirma.itt.javacourse.reflection.Client]]>
              </value>
            </param>
            <param index="1">
              <value>
                <![CDATA[[Ljava.lang.Class;@b54dba]]>
              </value>
            </param>
            <param index="2">
              <value>
                <![CDATA[[Ljava.lang.Object;@1020230]]>
              </value>
            </param>
            <param index="3">
              <value>
                <![CDATA[com.sirma.itt.javacourse.reflection.Client@e6f8d7]]>
              </value>
            </param>
          </params>
          <reporter-output>
          </reporter-output>
        </test-method> <!-- makeInstance -->
      </class> <!-- com.sirma.itt.javacourse.reflection.ClassCreatorTest -->
    </test> <!-- Default test -->
  </suite> <!-- Default suite -->
</testng-results>
