<?xml version="1.0" encoding="UTF-8"?>
<testng-results skipped="0" failed="0" total="1" passed="1">
  <reporter-output>
  </reporter-output>
  <suite name="Default suite" duration-ms="46" started-at="2013-04-25T10:48:30Z" finished-at="2013-04-25T10:48:30Z">
    <groups>
    </groups>
    <test name="Default test" duration-ms="46" started-at="2013-04-25T10:48:30Z" finished-at="2013-04-25T10:48:30Z">
      <class name="com.sirma.itt.javacourse.exceptions.ElementsListTest">
        <test-method status="PASS" signature="add([Ljava.lang.Object;, java.lang.Object, [Ljava.lang.Object;)[pri:0, instance:com.sirma.itt.javacourse.exceptions.ElementsListTest@331dd0]" name="add" duration-ms="15" started-at="2013-04-25T13:48:30Z" data-provider="validData" finished-at="2013-04-25T13:48:30Z">
          <params>
            <param index="0">
              <value>
                <![CDATA[[Ljava.lang.Object;@f7d5a6]]>
              </value>
            </param>
            <param index="1">
              <value>
                <![CDATA[8]]>
              </value>
            </param>
            <param index="2">
              <value>
                <![CDATA[[Ljava.lang.Object;@eba9b0]]>
              </value>
            </param>
          </params>
          <reporter-output>
          </reporter-output>
        </test-method> <!-- add -->
      </class> <!-- com.sirma.itt.javacourse.exceptions.ElementsListTest -->
    </test> <!-- Default test -->
  </suite> <!-- Default suite -->
</testng-results>
