<?xml version="1.0" encoding="UTF-8"?>
<testng-results skipped="0" failed="0" total="1" passed="1">
  <reporter-output>
  </reporter-output>
  <suite name="Default suite" duration-ms="47" started-at="2013-05-10T09:11:41Z" finished-at="2013-05-10T09:11:41Z">
    <groups>
    </groups>
    <test name="Default test" duration-ms="47" started-at="2013-05-10T09:11:41Z" finished-at="2013-05-10T09:11:41Z">
      <class name="com.sirma.itt.javacourse.io.SerializerTest">
        <test-method status="PASS" signature="testGetObject(com.sirma.itt.javacourse.io.DataClass)[pri:0, instance:com.sirma.itt.javacourse.io.SerializerTest@1032d84]" name="testGetObject" duration-ms="31" started-at="2013-05-10T12:11:41Z" data-provider="validData" finished-at="2013-05-10T12:11:41Z">
          <params>
            <param index="0">
              <value>
                <![CDATA[com.sirma.itt.javacourse.io.DataClass@c1abcf]]>
              </value>
            </param>
          </params>
          <reporter-output>
          </reporter-output>
        </test-method> <!-- testGetObject -->
      </class> <!-- com.sirma.itt.javacourse.io.SerializerTest -->
    </test> <!-- Default test -->
  </suite> <!-- Default suite -->
</testng-results>
