<?xml version="1.0" encoding="UTF-8"?>
<testng-results skipped="0" failed="0" total="1" passed="1">
  <reporter-output>
  </reporter-output>
  <suite name="Default suite" duration-ms="63" started-at="2013-06-03T09:19:47Z" finished-at="2013-06-03T09:19:47Z">
    <groups>
    </groups>
    <test name="Default test" duration-ms="63" started-at="2013-06-03T09:19:47Z" finished-at="2013-06-03T09:19:47Z">
      <class name="com.sirma.itt.javacourse.io.FileReversalTest">
        <test-method status="PASS" signature="testFileReverse(java.lang.String)[pri:0, instance:com.sirma.itt.javacourse.io.FileReversalTest@12b2f7f]" name="testFileReverse" duration-ms="31" started-at="2013-06-03T12:19:47Z" data-provider="validData" finished-at="2013-06-03T12:19:47Z">
          <params>
            <param index="0">
              <value>
                <![CDATA[54321]]>
              </value>
            </param>
          </params>
          <reporter-output>
          </reporter-output>
        </test-method> <!-- testFileReverse -->
      </class> <!-- com.sirma.itt.javacourse.io.FileReversalTest -->
    </test> <!-- Default test -->
  </suite> <!-- Default suite -->
</testng-results>
