<?xml version="1.0" encoding="UTF-8"?>
<testng-results skipped="0" failed="0" total="3" passed="3">
  <reporter-output>
  </reporter-output>
  <suite name="Default suite" duration-ms="63" started-at="2013-04-25T09:32:26Z" finished-at="2013-04-25T09:32:26Z">
    <groups>
    </groups>
    <test name="Default test" duration-ms="63" started-at="2013-04-25T09:32:26Z" finished-at="2013-04-25T09:32:26Z">
      <class name="com.sirma.itt.javacourse.intro.ArrayCenterTest">
        <test-method status="PASS" signature="calculateTast([Ljava.lang.Integer;, int)[pri:0, instance:com.sirma.itt.javacourse.intro.ArrayCenterTest@26f144]" name="calculateTast" duration-ms="15" started-at="2013-04-25T12:32:26Z" data-provider="validData" finished-at="2013-04-25T12:32:26Z">
          <params>
            <param index="0">
              <value>
                <![CDATA[[Ljava.lang.Integer;@1bc2e06]]>
              </value>
            </param>
            <param index="1">
              <value>
                <![CDATA[4]]>
              </value>
            </param>
          </params>
          <reporter-output>
          </reporter-output>
        </test-method> <!-- calculateTast -->
        <test-method status="PASS" signature="calculateTast([Ljava.lang.Integer;, int)[pri:0, instance:com.sirma.itt.javacourse.intro.ArrayCenterTest@26f144]" name="calculateTast" duration-ms="0" started-at="2013-04-25T12:32:26Z" data-provider="validData" finished-at="2013-04-25T12:32:26Z">
          <params>
            <param index="0">
              <value>
                <![CDATA[[Ljava.lang.Integer;@17193fc]]>
              </value>
            </param>
            <param index="1">
              <value>
                <![CDATA[9]]>
              </value>
            </param>
          </params>
          <reporter-output>
          </reporter-output>
        </test-method> <!-- calculateTast -->
        <test-method status="PASS" signature="calculateTast([Ljava.lang.Integer;, int)[pri:0, instance:com.sirma.itt.javacourse.intro.ArrayCenterTest@26f144]" name="calculateTast" duration-ms="0" started-at="2013-04-25T12:32:26Z" data-provider="validData" finished-at="2013-04-25T12:32:26Z">
          <params>
            <param index="0">
              <value>
                <![CDATA[[Ljava.lang.Integer;@1aa8b42]]>
              </value>
            </param>
            <param index="1">
              <value>
                <![CDATA[2]]>
              </value>
            </param>
          </params>
          <reporter-output>
          </reporter-output>
        </test-method> <!-- calculateTast -->
      </class> <!-- com.sirma.itt.javacourse.intro.ArrayCenterTest -->
    </test> <!-- Default test -->
  </suite> <!-- Default suite -->
</testng-results>
