<?xml version="1.0" encoding="UTF-8"?>
<testng-results skipped="0" failed="0" total="14" passed="14">
  <reporter-output>
  </reporter-output>
  <suite name="Default suite" duration-ms="94" started-at="2013-04-15T10:35:00Z" finished-at="2013-04-15T10:35:00Z">
    <groups>
    </groups>
    <test name="Default test" duration-ms="94" started-at="2013-04-15T10:35:00Z" finished-at="2013-04-15T10:35:00Z">
      <class name="com.sirma.itt.javacourse.objects.SumatorTest">
        <test-method status="PASS" signature="sumTest(float, float, float)[pri:0, instance:com.sirma.itt.javacourse.objects.SumatorTest@1b030d8]" name="sumTest" duration-ms="15" started-at="2013-04-15T13:35:00Z" data-provider="validFloatData" finished-at="2013-04-15T13:35:00Z">
          <params>
            <param index="0">
              <value>
                <![CDATA[3.5]]>
              </value>
            </param>
            <param index="1">
              <value>
                <![CDATA[6.7]]>
              </value>
            </param>
            <param index="2">
              <value>
                <![CDATA[10.2]]>
              </value>
            </param>
          </params>
          <reporter-output>
          </reporter-output>
        </test-method> <!-- sumTest -->
        <test-method status="PASS" signature="sumTest(int, int, int)[pri:0, instance:com.sirma.itt.javacourse.objects.SumatorTest@1b030d8]" name="sumTest" duration-ms="16" started-at="2013-04-15T13:35:00Z" data-provider="validIntData" finished-at="2013-04-15T13:35:00Z">
          <params>
            <param index="0">
              <value>
                <![CDATA[16]]>
              </value>
            </param>
            <param index="1">
              <value>
                <![CDATA[8]]>
              </value>
            </param>
            <param index="2">
              <value>
                <![CDATA[24]]>
              </value>
            </param>
          </params>
          <reporter-output>
          </reporter-output>
        </test-method> <!-- sumTest -->
        <test-method status="PASS" signature="sumTest(float, float, float)[pri:0, instance:com.sirma.itt.javacourse.objects.SumatorTest@1b030d8]" name="sumTest" duration-ms="0" started-at="2013-04-15T13:35:00Z" data-provider="validFloatData" finished-at="2013-04-15T13:35:00Z">
          <params>
            <param index="0">
              <value>
                <![CDATA[214.455]]>
              </value>
            </param>
            <param index="1">
              <value>
                <![CDATA[3.3]]>
              </value>
            </param>
            <param index="2">
              <value>
                <![CDATA[217.755]]>
              </value>
            </param>
          </params>
          <reporter-output>
          </reporter-output>
        </test-method> <!-- sumTest -->
        <test-method status="PASS" signature="sumTest(float, float, float)[pri:0, instance:com.sirma.itt.javacourse.objects.SumatorTest@1b030d8]" name="sumTest" duration-ms="0" started-at="2013-04-15T13:35:00Z" data-provider="validFloatData" finished-at="2013-04-15T13:35:00Z">
          <params>
            <param index="0">
              <value>
                <![CDATA[2.6]]>
              </value>
            </param>
            <param index="1">
              <value>
                <![CDATA[1.5]]>
              </value>
            </param>
            <param index="2">
              <value>
                <![CDATA[4.1]]>
              </value>
            </param>
          </params>
          <reporter-output>
          </reporter-output>
        </test-method> <!-- sumTest -->
        <test-method status="PASS" signature="sumTest(int, int, int)[pri:0, instance:com.sirma.itt.javacourse.objects.SumatorTest@1b030d8]" name="sumTest" duration-ms="0" started-at="2013-04-15T13:35:00Z" data-provider="validIntData" finished-at="2013-04-15T13:35:00Z">
          <params>
            <param index="0">
              <value>
                <![CDATA[21]]>
              </value>
            </param>
            <param index="1">
              <value>
                <![CDATA[3]]>
              </value>
            </param>
            <param index="2">
              <value>
                <![CDATA[24]]>
              </value>
            </param>
          </params>
          <reporter-output>
          </reporter-output>
        </test-method> <!-- sumTest -->
        <test-method status="PASS" signature="sumTest(java.lang.String, java.lang.String, java.lang.String)[pri:0, instance:com.sirma.itt.javacourse.objects.SumatorTest@1b030d8]" name="sumTest" duration-ms="0" started-at="2013-04-15T13:35:00Z" data-provider="validStringData" finished-at="2013-04-15T13:35:00Z">
          <params>
            <param index="0">
              <value>
                <![CDATA[9999]]>
              </value>
            </param>
            <param index="1">
              <value>
                <![CDATA[8888]]>
              </value>
            </param>
            <param index="2">
              <value>
                <![CDATA[18887]]>
              </value>
            </param>
          </params>
          <reporter-output>
          </reporter-output>
        </test-method> <!-- sumTest -->
        <test-method status="PASS" signature="sumTest(int, int, int)[pri:0, instance:com.sirma.itt.javacourse.objects.SumatorTest@1b030d8]" name="sumTest" duration-ms="0" started-at="2013-04-15T13:35:00Z" data-provider="validIntData" finished-at="2013-04-15T13:35:00Z">
          <params>
            <param index="0">
              <value>
                <![CDATA[21]]>
              </value>
            </param>
            <param index="1">
              <value>
                <![CDATA[7]]>
              </value>
            </param>
            <param index="2">
              <value>
                <![CDATA[28]]>
              </value>
            </param>
          </params>
          <reporter-output>
          </reporter-output>
        </test-method> <!-- sumTest -->
        <test-method status="PASS" signature="sumTest(java.lang.String, java.lang.String, java.lang.String)[pri:0, instance:com.sirma.itt.javacourse.objects.SumatorTest@1b030d8]" name="sumTest" duration-ms="0" started-at="2013-04-15T13:35:00Z" data-provider="validStringData" finished-at="2013-04-15T13:35:00Z">
          <params>
            <param index="0">
              <value>
                <![CDATA[34567]]>
              </value>
            </param>
            <param index="1">
              <value>
                <![CDATA[1256478]]>
              </value>
            </param>
            <param index="2">
              <value>
                <![CDATA[1291045]]>
              </value>
            </param>
          </params>
          <reporter-output>
          </reporter-output>
        </test-method> <!-- sumTest -->
        <test-method status="PASS" signature="sumTest(java.math.BigDecimal, java.math.BigDecimal, java.math.BigDecimal)[pri:0, instance:com.sirma.itt.javacourse.objects.SumatorTest@1b030d8]" name="sumTest" duration-ms="0" started-at="2013-04-15T13:35:00Z" data-provider="validBigDecData" finished-at="2013-04-15T13:35:00Z">
          <params>
            <param index="0">
              <value>
                <![CDATA[8.678000000000000824229573481716215610504150390625]]>
              </value>
            </param>
            <param index="1">
              <value>
                <![CDATA[2.81099999999999994315658113919198513031005859375]]>
              </value>
            </param>
            <param index="2">
              <value>
                <![CDATA[11.489000000000000767386154620908200740814208984375]]>
              </value>
            </param>
          </params>
          <reporter-output>
          </reporter-output>
        </test-method> <!-- sumTest -->
        <test-method status="PASS" signature="sumTest(java.math.BigDecimal, java.math.BigDecimal, java.math.BigDecimal)[pri:0, instance:com.sirma.itt.javacourse.objects.SumatorTest@1b030d8]" name="sumTest" duration-ms="0" started-at="2013-04-15T13:35:00Z" data-provider="validBigDecData" finished-at="2013-04-15T13:35:00Z">
          <params>
            <param index="0">
              <value>
                <![CDATA[2.5480000000000000426325641456060111522674560546875]]>
              </value>
            </param>
            <param index="1">
              <value>
                <![CDATA[3.5]]>
              </value>
            </param>
            <param index="2">
              <value>
                <![CDATA[6.0480000000000000426325641456060111522674560546875]]>
              </value>
            </param>
          </params>
          <reporter-output>
          </reporter-output>
        </test-method> <!-- sumTest -->
        <test-method status="PASS" signature="sumTest(java.lang.String, java.lang.String, java.lang.String)[pri:0, instance:com.sirma.itt.javacourse.objects.SumatorTest@1b030d8]" name="sumTest" duration-ms="0" started-at="2013-04-15T13:35:00Z" data-provider="validStringData" finished-at="2013-04-15T13:35:00Z">
          <params>
            <param index="0">
              <value>
                <![CDATA[74]]>
              </value>
            </param>
            <param index="1">
              <value>
                <![CDATA[0]]>
              </value>
            </param>
            <param index="2">
              <value>
                <![CDATA[74]]>
              </value>
            </param>
          </params>
          <reporter-output>
          </reporter-output>
        </test-method> <!-- sumTest -->
        <test-method status="PASS" signature="sumTest(java.math.BigInteger, java.math.BigInteger, java.math.BigInteger)[pri:0, instance:com.sirma.itt.javacourse.objects.SumatorTest@1b030d8]" name="sumTest" duration-ms="0" started-at="2013-04-15T13:35:00Z" data-provider="validBigIntData" finished-at="2013-04-15T13:35:00Z">
          <params>
            <param index="0">
              <value>
                <![CDATA[7]]>
              </value>
            </param>
            <param index="1">
              <value>
                <![CDATA[4]]>
              </value>
            </param>
            <param index="2">
              <value>
                <![CDATA[11]]>
              </value>
            </param>
          </params>
          <reporter-output>
          </reporter-output>
        </test-method> <!-- sumTest -->
        <test-method status="PASS" signature="sumTest(java.math.BigInteger, java.math.BigInteger, java.math.BigInteger)[pri:0, instance:com.sirma.itt.javacourse.objects.SumatorTest@1b030d8]" name="sumTest" duration-ms="0" started-at="2013-04-15T13:35:00Z" data-provider="validBigIntData" finished-at="2013-04-15T13:35:00Z">
          <params>
            <param index="0">
              <value>
                <![CDATA[12]]>
              </value>
            </param>
            <param index="1">
              <value>
                <![CDATA[5]]>
              </value>
            </param>
            <param index="2">
              <value>
                <![CDATA[17]]>
              </value>
            </param>
          </params>
          <reporter-output>
          </reporter-output>
        </test-method> <!-- sumTest -->
        <test-method status="PASS" signature="sumTest(java.math.BigInteger, java.math.BigInteger, java.math.BigInteger)[pri:0, instance:com.sirma.itt.javacourse.objects.SumatorTest@1b030d8]" name="sumTest" duration-ms="0" started-at="2013-04-15T13:35:00Z" data-provider="validBigIntData" finished-at="2013-04-15T13:35:00Z">
          <params>
            <param index="0">
              <value>
                <![CDATA[13]]>
              </value>
            </param>
            <param index="1">
              <value>
                <![CDATA[6]]>
              </value>
            </param>
            <param index="2">
              <value>
                <![CDATA[19]]>
              </value>
            </param>
          </params>
          <reporter-output>
          </reporter-output>
        </test-method> <!-- sumTest -->
      </class> <!-- com.sirma.itt.javacourse.objects.SumatorTest -->
    </test> <!-- Default test -->
  </suite> <!-- Default suite -->
</testng-results>
